
********************************************************************************
********************************************************************************
************************* Code quality of ../safaribot *************************
********************************************************************************
********************************************************************************

================================================================================
* A. Unit checks / B. Module checks
================================================================================

>> File: ../safaribot/test.py
================================================================================

A. units
--------------------------------------------------------------------------------

B. modules
--------------------------------------------------------------------------------
 - rule 5: loose coupling modules
  - #TODO
 - rule 6: loose coupling component architecture
  - #TODO



>> File: ../safaribot/utils.py
================================================================================

A. units
--------------------------------------------------------------------------------

- method:   load_config()
 > args: 
 - rule 1: short units (max 15 loc)
  - (7, True)
 - rule 2: simple units (max 4 branch points)
  - (1, True)
 - rule 3: duplicates
  - #TODO
 - rule 4: small interfaces (max 4 params)
  - (0, True)

- method:   get_books()
 > args: goback=False
 - rule 1: short units (max 15 loc)
  - (11, True)
 - rule 2: simple units (max 4 branch points)
  - (2, True)
 - rule 3: duplicates
  - #TODO
 - rule 4: small interfaces (max 4 params)
  - (1, True)

- method:   __init__()
 > args: 
 - rule 1: short units (max 15 loc)
  - (2, True)
 - rule 2: simple units (max 4 branch points)
  - (0, True)
 - rule 3: duplicates
  - #TODO
 - rule 4: small interfaces (max 4 params)
  - (0, True)

- method:   encode()
 > args: s
 - rule 1: short units (max 15 loc)
  - (1, True)
 - rule 2: simple units (max 4 branch points)
  - (0, True)
 - rule 3: duplicates
  - #TODO
 - rule 4: small interfaces (max 4 params)
  - (1, True)

B. modules
--------------------------------------------------------------------------------
 - rule 5: loose coupling modules
  - #TODO
 - rule 6: loose coupling component architecture
  - #TODO



>> File: ../safaribot/crawler.py
================================================================================

A. units
--------------------------------------------------------------------------------

- method:   download()
 > args: url, user_agent='wswp', num_retries=2
 - rule 1: short units (max 15 loc)
  - (12, True)
 - rule 2: simple units (max 4 branch points)
  - (2, True)
 - rule 3: duplicates
  - #TODO
 - rule 4: small interfaces (max 4 params)
  - (3, True)

- method:   __init__()
 > args: 
 - rule 1: short units (max 15 loc)
  - (1, True)
 - rule 2: simple units (max 4 branch points)
  - (0, True)
 - rule 3: duplicates
  - #TODO
 - rule 4: small interfaces (max 4 params)
  - (0, True)

B. modules
--------------------------------------------------------------------------------
 - rule 5: loose coupling modules
  - #TODO
 - rule 6: loose coupling component architecture
  - #TODO



>> File: ../safaribot/tweet.py
================================================================================

A. units
--------------------------------------------------------------------------------

- method:   get_timeline()
 > args: 
 - rule 1: short units (max 15 loc)
  - (3, True)
 - rule 2: simple units (max 4 branch points)
  - (1, True)
 - rule 3: duplicates
  - #TODO
 - rule 4: small interfaces (max 4 params)
  - (0, True)

- method:   send_dm()
 > args: handle, text
 - rule 1: short units (max 15 loc)
  - (7, True)
 - rule 2: simple units (max 4 branch points)
  - (0, True)
 - rule 3: duplicates
  - #TODO
 - rule 4: small interfaces (max 4 params)
  - (2, True)

- method:   update_status()
 > args: text
 - rule 1: short units (max 15 loc)
  - (7, True)
 - rule 2: simple units (max 4 branch points)
  - (0, True)
 - rule 3: duplicates
  - #TODO
 - rule 4: small interfaces (max 4 params)
  - (1, True)

- method:   __init__()
 > args: 
 - rule 1: short units (max 15 loc)
  - (6, True)
 - rule 2: simple units (max 4 branch points)
  - (0, True)
 - rule 3: duplicates
  - #TODO
 - rule 4: small interfaces (max 4 params)
  - (0, True)

B. modules
--------------------------------------------------------------------------------
 - rule 5: loose coupling modules
  - #TODO
 - rule 6: loose coupling component architecture
  - #TODO



>> File: ../safaribot/users.py
================================================================================

A. units
--------------------------------------------------------------------------------

- method:   book_in_user_prefs()
 > args: book, prefs
 - rule 1: short units (max 15 loc)
  - (14, True)
 - rule 2: simple units (max 4 branch points)
  - (10, False)                                         <<<<<<<<<<<<<<<<<<<<<<<<<<
 - rule 3: duplicates
  - #TODO
 - rule 4: small interfaces (max 4 params)
  - (2, True)

- method:   _get_prefs()
 > args: 
 - rule 1: short units (max 15 loc)
  - (12, True)
 - rule 2: simple units (max 4 branch points)
  - (2, True)
 - rule 3: duplicates
  - #TODO
 - rule 4: small interfaces (max 4 params)
  - (0, True)

- method:   _sep()
 > args: s
 - rule 1: short units (max 15 loc)
  - (1, True)
 - rule 2: simple units (max 4 branch points)
  - (0, True)
 - rule 3: duplicates
  - #TODO
 - rule 4: small interfaces (max 4 params)
  - (1, True)

- method:   __init__()
 > args: 
 - rule 1: short units (max 15 loc)
  - (6, True)
 - rule 2: simple units (max 4 branch points)
  - (0, True)
 - rule 3: duplicates
  - #TODO
 - rule 4: small interfaces (max 4 params)
  - (0, True)

B. modules
--------------------------------------------------------------------------------
 - rule 5: loose coupling modules
  - #TODO
 - rule 6: loose coupling component architecture
  - #TODO



>> File: ../safaribot/book.py
================================================================================

A. units
--------------------------------------------------------------------------------

- method:   count_chars_tweet()
 > args: 
 - rule 1: short units (max 15 loc)
  - (1, True)
 - rule 2: simple units (max 4 branch points)
  - (0, True)
 - rule 3: duplicates
  - #TODO
 - rule 4: small interfaces (max 4 params)
  - (0, True)

- method:   _shorten_title()
 > args: 
 - rule 1: short units (max 15 loc)
  - (4, True)
 - rule 2: simple units (max 4 branch points)
  - (1, True)
 - rule 3: duplicates
  - #TODO
 - rule 4: small interfaces (max 4 params)
  - (0, True)

- method:   _time_to_utime()
 > args: tstamp
 - rule 1: short units (max 15 loc)
  - (4, True)
 - rule 2: simple units (max 4 branch points)
  - (1, True)
 - rule 3: duplicates
  - #TODO
 - rule 4: small interfaces (max 4 params)
  - (1, True)

- method:   _shorten_desc()
 > args: 
 - rule 1: short units (max 15 loc)
  - (6, True)
 - rule 2: simple units (max 4 branch points)
  - (1, True)
 - rule 3: duplicates
  - #TODO
 - rule 4: small interfaces (max 4 params)
  - (0, True)

- method:   _fix_illegal_chars_in_hashtags()
 > args: s
 - rule 1: short units (max 15 loc)
  - (3, True)
 - rule 2: simple units (max 4 branch points)
  - (1, True)
 - rule 3: duplicates
  - #TODO
 - rule 4: small interfaces (max 4 params)
  - (1, True)

- method:   __init__()
 > args: node
 - rule 1: short units (max 15 loc)
  - (37, False)                                         <<<<<<<<<<<<<<<<<<<<<<<<<<
 - rule 2: simple units (max 4 branch points)
  - (1, True)
 - rule 3: duplicates
  - #TODO
 - rule 4: small interfaces (max 4 params)
  - (1, True)

B. modules
--------------------------------------------------------------------------------
 - rule 5: loose coupling modules
  - #TODO
 - rule 6: loose coupling component architecture
  - #TODO



>> File: ../safaribot/store.py
================================================================================

A. units
--------------------------------------------------------------------------------

- method:   _get_tags()
 > args: lines
 - rule 1: short units (max 15 loc)
  - (11, True)
 - rule 2: simple units (max 4 branch points)
  - (4, True)
 - rule 3: duplicates
  - #TODO
 - rule 4: small interfaces (max 4 params)
  - (1, True)

- method:   store_book()
 > args: bookid, bookobj, overwrite=False
 - rule 1: short units (max 15 loc)
  - (13, True)
 - rule 2: simple units (max 4 branch points)
  - (2, True)
 - rule 3: duplicates
  - #TODO
 - rule 4: small interfaces (max 4 params)
  - (3, True)

- method:   has_book()
 > args: bookid
 - rule 1: short units (max 15 loc)
  - (5, True)
 - rule 2: simple units (max 4 branch points)
  - (0, True)
 - rule 3: duplicates
  - #TODO
 - rule 4: small interfaces (max 4 params)
  - (1, True)

- method:   __init__()
 > args: shelf
 - rule 1: short units (max 15 loc)
  - (1, True)
 - rule 2: simple units (max 4 branch points)
  - (0, True)
 - rule 3: duplicates
  - #TODO
 - rule 4: small interfaces (max 4 params)
  - (1, True)

- method:   get_pubs_and_tags()
 > args: 
 - rule 1: short units (max 15 loc)
  - (20, False)                                         <<<<<<<<<<<<<<<<<<<<<<<<<<
 - rule 2: simple units (max 4 branch points)
  - (3, True)
 - rule 3: duplicates
  - #TODO
 - rule 4: small interfaces (max 4 params)
  - (0, True)

B. modules
--------------------------------------------------------------------------------
 - rule 5: loose coupling modules
  - #TODO
 - rule 6: loose coupling component architecture
  - #TODO



>> File: ../safaribot/main.py
================================================================================

A. units
--------------------------------------------------------------------------------

- method: main()
 > args: 
 - rule 1: short units (max 15 loc)
  - (62, False)                                         <<<<<<<<<<<<<<<<<<<<<<<<<<
 - rule 2: simple units (max 4 branch points)
  - (13, False)                                         <<<<<<<<<<<<<<<<<<<<<<<<<<
 - rule 3: duplicates
  - #TODO
 - rule 4: small interfaces (max 4 params)
  - (1, True)

- method: cli()
 > args: 
 - rule 1: short units (max 15 loc)
  - (9, True)
 - rule 2: simple units (max 4 branch points)
  - (0, True)
 - rule 3: duplicates
  - #TODO
 - rule 4: small interfaces (max 4 params)
  - (1, True)

B. modules
--------------------------------------------------------------------------------
 - rule 5: loose coupling modules
  - #TODO
 - rule 6: loose coupling component architecture
  - #TODO



================================================================================
* C. Overall architecture checks
================================================================================
 - rule 7: balance components
  > a. max 9 files / components
  - (8, True)
  > b. +/- equally sized modules (max dev 0.71)
  - (0.2544037940379404, True)
 - rule 8: small code base (< 40K loc)
  - (369, True)

================================================================================
* D. Overall best practices checks
================================================================================
 - rule 9: test coverage
  - #TODO
 - rule 10: best practices
  - #TODO (if measurable)


================================================================================
* SUMMARY
================================================================================
5 warnings to review
